<?xml version="1.0" encoding="UTF-8"?>
<testsuite xmlns:xsi="http://www.w3.org/2001/XMLSchema-instance" xsi:noNamespaceSchemaLocation="https://maven.apache.org/surefire/maven-surefire-plugin/xsd/surefire-test-report-3.0.xsd" version="3.0" name="com.statestreet.exercises.DivisibilityCheckerTest" time="0.076" tests="4" errors="0" skipped="0" failures="0">
  <properties>
    <property name="java.specification.version" value="17"/>
    <property name="sun.cpu.isalist" value="amd64"/>
    <property name="sun.jnu.encoding" value="Cp1252"/>
    <property name="java.class.path" value="C:\projetos_entrevistas\StateStreet\statestreet-coding-exercises\divisibility-checker\target\test-classes;C:\projetos_entrevistas\StateStreet\statestreet-coding-exercises\divisibility-checker\target\classes;C:\Users\Arao Diego Schujmann\.m2\repository\junit\junit\3.8.1\junit-3.8.1.jar;C:\Users\Arao Diego Schujmann\.m2\repository\org\junit\jupiter\junit-jupiter-api\5.8.2\junit-jupiter-api-5.8.2.jar;C:\Users\Arao Diego Schujmann\.m2\repository\org\opentest4j\opentest4j\1.2.0\opentest4j-1.2.0.jar;C:\Users\Arao Diego Schujmann\.m2\repository\org\junit\platform\junit-platform-commons\1.8.2\junit-platform-commons-1.8.2.jar;C:\Users\Arao Diego Schujmann\.m2\repository\org\apiguardian\apiguardian-api\1.1.2\apiguardian-api-1.1.2.jar;C:\Users\Arao Diego Schujmann\.m2\repository\org\junit\jupiter\junit-jupiter-engine\5.8.2\junit-jupiter-engine-5.8.2.jar;C:\Users\Arao Diego Schujmann\.m2\repository\org\junit\platform\junit-platform-engine\1.8.2\junit-platform-engine-1.8.2.jar;"/>
    <property name="java.vm.vendor" value="Eclipse Adoptium"/>
    <property name="sun.arch.data.model" value="64"/>
    <property name="user.variant" value=""/>
    <property name="java.vendor.url" value="https://adoptium.net/"/>
    <property name="user.timezone" value="America/Sao_Paulo"/>
    <property name="os.name" value="Windows 10"/>
    <property name="java.vm.specification.version" value="17"/>
    <property name="sun.java.launcher" value="SUN_STANDARD"/>
    <property name="user.country" value="BR"/>
    <property name="sun.boot.library.path" value="C:\desenvolvimento_java\sts-4.20.0.RELEASE\plugins\org.eclipse.justj.openjdk.hotspot.jre.full.win32.x86_64_17.0.8.v20230831-1047\jre\bin"/>
    <property name="sun.java.command" value="C:\Users\Arao Diego Schujmann\AppData\Local\Temp\surefire12323186047919267404\surefirebooter102763036896611379.jar C:\Users\Arao Diego Schujmann\AppData\Local\Temp\surefire12323186047919267404 2023-11-25T19-19-39_091-jvmRun1 surefire11973673251474936012tmp surefire_08497816043597185198tmp"/>
    <property name="jdk.debug" value="release"/>
    <property name="surefire.test.class.path" value="C:\projetos_entrevistas\StateStreet\statestreet-coding-exercises\divisibility-checker\target\test-classes;C:\projetos_entrevistas\StateStreet\statestreet-coding-exercises\divisibility-checker\target\classes;C:\Users\Arao Diego Schujmann\.m2\repository\junit\junit\3.8.1\junit-3.8.1.jar;C:\Users\Arao Diego Schujmann\.m2\repository\org\junit\jupiter\junit-jupiter-api\5.8.2\junit-jupiter-api-5.8.2.jar;C:\Users\Arao Diego Schujmann\.m2\repository\org\opentest4j\opentest4j\1.2.0\opentest4j-1.2.0.jar;C:\Users\Arao Diego Schujmann\.m2\repository\org\junit\platform\junit-platform-commons\1.8.2\junit-platform-commons-1.8.2.jar;C:\Users\Arao Diego Schujmann\.m2\repository\org\apiguardian\apiguardian-api\1.1.2\apiguardian-api-1.1.2.jar;C:\Users\Arao Diego Schujmann\.m2\repository\org\junit\jupiter\junit-jupiter-engine\5.8.2\junit-jupiter-engine-5.8.2.jar;C:\Users\Arao Diego Schujmann\.m2\repository\org\junit\platform\junit-platform-engine\1.8.2\junit-platform-engine-1.8.2.jar;"/>
    <property name="sun.cpu.endian" value="little"/>
    <property name="user.home" value="C:\Users\Arao Diego Schujmann"/>
    <property name="user.language" value="pt"/>
    <property name="java.specification.vendor" value="Oracle Corporation"/>
    <property name="java.version.date" value="2023-08-24"/>
    <property name="java.home" value="C:\desenvolvimento_java\sts-4.20.0.RELEASE\plugins\org.eclipse.justj.openjdk.hotspot.jre.full.win32.x86_64_17.0.8.v20230831-1047\jre"/>
    <property name="file.separator" value="\"/>
    <property name="style.color" value="always"/>
    <property name="basedir" value="C:\projetos_entrevistas\StateStreet\statestreet-coding-exercises\divisibility-checker"/>
    <property name="java.vm.compressedOopsMode" value="Zero based"/>
    <property name="line.separator" value="&#10;"/>
    <property name="java.vm.specification.vendor" value="Oracle Corporation"/>
    <property name="java.specification.name" value="Java Platform API Specification"/>
    <property name="surefire.real.class.path" value="C:\Users\Arao Diego Schujmann\AppData\Local\Temp\surefire12323186047919267404\surefirebooter102763036896611379.jar"/>
    <property name="user.script" value=""/>
    <property name="sun.management.compiler" value="HotSpot 64-Bit Tiered Compilers"/>
    <property name="java.runtime.version" value="17.0.8.1+1"/>
    <property name="user.name" value="Arao Diego Schujmann"/>
    <property name="path.separator" value=";"/>
    <property name="os.version" value="10.0"/>
    <property name="java.runtime.name" value="OpenJDK Runtime Environment"/>
    <property name="file.encoding" value="Cp1252"/>
    <property name="java.vm.name" value="OpenJDK 64-Bit Server VM"/>
    <property name="java.vendor.version" value="Temurin-17.0.8.1+1"/>
    <property name="localRepository" value="C:\Users\Arao Diego Schujmann\.m2\repository"/>
    <property name="java.vendor.url.bug" value="https://github.com/adoptium/adoptium-support/issues"/>
    <property name="java.io.tmpdir" value="C:\Users\ARAODI~1\AppData\Local\Temp\"/>
    <property name="java.version" value="17.0.8.1"/>
    <property name="user.dir" value="C:\projetos_entrevistas\StateStreet\statestreet-coding-exercises\divisibility-checker"/>
    <property name="os.arch" value="amd64"/>
    <property name="java.vm.specification.name" value="Java Virtual Machine Specification"/>
    <property name="sun.os.patch.level" value=""/>
    <property name="native.encoding" value="Cp1252"/>
    <property name="java.library.path" value="C:\desenvolvimento_java\sts-4.20.0.RELEASE\plugins\org.eclipse.justj.openjdk.hotspot.jre.full.win32.x86_64_17.0.8.v20230831-1047\jre\bin;C:\WINDOWS\Sun\Java\bin;C:\WINDOWS\system32;C:\WINDOWS;C:/desenvolvimento_java/sts-4.20.0.RELEASE//plugins/org.eclipse.justj.openjdk.hotspot.jre.full.win32.x86_64_17.0.8.v20230831-1047/jre/bin/server;C:/desenvolvimento_java/sts-4.20.0.RELEASE//plugins/org.eclipse.justj.openjdk.hotspot.jre.full.win32.x86_64_17.0.8.v20230831-1047/jre/bin;C:\Python311\Scripts\;C:\Python311\;C:\Program Files\Common Files\Oracle\Java\javapath;C:\ProgramData\Oracle\Java\javapath;C:\WINDOWS\system32;C:\WINDOWS;C:\WINDOWS\System32\Wbem;C:\WINDOWS\System32\WindowsPowerShell\v1.0\;C:\Program Files (x86)\Calibre2\;C:\desenvolvimento_java\apache-maven-3.9.2\bin;C:\Program Files\Java\jdk-11.0.10\bin;C:\Program Files\Notepad++;C:\WINDOWS\System32\OpenSSH\;C:\Program Files\Perforce;C:\Program Files\PuTTY\;C:\Program Files\Intel\WiFi\bin\;C:\Program Files\Common Files\Intel\WirelessCommon\;C:\Program Files\Amazon\AWSCLIV2\;C:\Program Files\MiKTeX\miktex\bin\x64\;C:\Program Files (x86)\Intel\Intel(R) Management Engine Components\DAL;C:\Program Files\Intel\Intel(R) Management Engine Components\DAL;C:\gradle\gradle-7.2\bin\;C:\Program Files\dotnet\;C:\Program Files\SafeNet\Authentication\SAC\x64;C:\Program Files\SafeNet\Authentication\SAC\x32;C:\Program Files\Git\cmd;C:\Program Files\nodejs\;C:\ProgramData\chocolatey\bin;;C:\Program Files\Docker\Docker\resources\bin;C:\Users\Arao Diego Schujmann\AppData\Local\Programs\Python\Python37-32\Scripts\;C:\Users\Arao Diego Schujmann\AppData\Local\Programs\Python\Python37-32\;&quot;C:\Users\Arao Diego Schujmann\AppData\Local\Microsoft\WindowsApps;C:\Program Files\Java\jdk1.8.0_162\bin&quot;;C:\Users\Arao Diego Schujmann\AppData\Local\Microsoft\WindowsApps;C:\Users\Arao Diego Schujmann\AppData\Local\Programs\Python\Python37-32\site-packages;C:\Users\Arao Diego Schujmann\AppData\Local\Microsoft\WindowsApps;C:\Users\Arao Diego Schujmann\AppData\Local\Programs\Microsoft VS Code\bin;C:\Users\Arao Diego Schujmann\AppData\Roaming\npm;C:\Program Files\JetBrains\IntelliJ IDEA 2023.1.3\bin;;C:\desenvolvimento_java\sts-4.20.0.RELEASE;;."/>
    <property name="java.vm.info" value="mixed mode"/>
    <property name="java.vendor" value="Eclipse Adoptium"/>
    <property name="java.vm.version" value="17.0.8.1+1"/>
    <property name="sun.io.unicode.encoding" value="UnicodeLittle"/>
    <property name="java.class.version" value="61.0"/>
  </properties>
  <testcase name="testDivisibilityByThreeAndFive" classname="com.statestreet.exercises.DivisibilityCheckerTest" time="0.039"/>
  <testcase name="testDivisibilityByFive" classname="com.statestreet.exercises.DivisibilityCheckerTest" time="0.001"/>
  <testcase name="testDivisibilityNormalNumbers" classname="com.statestreet.exercises.DivisibilityCheckerTest" time="0.002"/>
  <testcase name="testDivisibilityByThree" classname="com.statestreet.exercises.DivisibilityCheckerTest" time="0.001"/>
</testsuite>